<?xml version="1.0" encoding="UTF-8"?>
<!-- Generated by org.testng.reporters.JUnitReportReporter -->
<testsuite skipped="0" hostname="Oksanas-MBP.fios-router.home" name="com.test.LoginTest" tests="4" failures="0" timestamp="2020-05-27T14:42:41 EDT" time="12.982" errors="0">
  <testcase name="invalidPasswordLogin" time="2.943" classname="com.test.LoginTest"/>
  <system-out/>
  <testcase name="emptyUserName" time="2.169" classname="com.test.LoginTest"/>
  <system-out/>
  <testcase name="login" time="4.143" classname="com.test.LoginTest"/>
  <system-out/>
  <testcase name="invalid" time="3.727" classname="com.test.LoginTest"/>
  <system-out/>
</testsuite> <!-- com.test.LoginTest -->
