<?xml version="1.0" encoding="UTF-8"?>
<!-- Generated by org.testng.reporters.JUnitReportReporter -->
<testsuite skipped="0" hostname="Oksanas-MBP.fios-router.home" name="com.class04.DataProviderTest" tests="1" failures="0" timestamp="2020-05-28T19:21:00 EDT" time="3.020" errors="0">
  <testcase name="login" time="3.020" classname="com.class04.DataProviderTest"/>
  <system-out/>
</testsuite> <!-- com.class04.DataProviderTest -->
