<?xml version="1.0" encoding="UTF-8"?>
<!-- Generated by org.testng.reporters.JUnitReportReporter -->
<testsuite skipped="1" hostname="Oksanas-MBP.fios-router.home" name="com.class02.Tesk" tests="5" failures="0" timestamp="2020-05-27T14:42:41 EDT" time="8.100" errors="0">
  <testcase name="fourhMethod" time="1.891" classname="com.class02.Tesk"/>
  <system-out/>
  <testcase name="thirdMethod" time="2.207" classname="com.class02.Tesk"/>
  <system-out/>
  <testcase name="secondMethod" time="2.098" classname="com.class02.Tesk"/>
  <system-out/>
  <testcase name="firstMethod" time="1.904" classname="com.class02.Tesk"/>
  <system-out/>
  <testcase name="firstMethod1" classname="com.class02.Tesk">
    <skipped/>
  </testcase> <!-- firstMethod1 -->
  <system-out/>
</testsuite> <!-- com.class02.Tesk -->
