<?xml version="1.0" encoding="UTF-8"?>
<!-- Generated by org.testng.reporters.JUnitReportReporter -->
<testsuite skipped="0" hostname="Oksanas-MBP.fios-router.home" name="com.class03.GroupDemo" tests="5" failures="0" timestamp="2020-05-28T14:14:31 EDT" time="0.007" errors="0">
  <testcase name="test1" time="0.005" classname="com.class03.GroupDemo"/>
  <system-out/>
  <testcase name="test2" time="0.000" classname="com.class03.GroupDemo"/>
  <system-out/>
  <testcase name="test4" time="0.001" classname="com.class03.GroupDemo"/>
  <system-out/>
  <testcase name="test3" time="0.000" classname="com.class03.GroupDemo"/>
  <system-out/>
  <testcase name="test5" time="0.001" classname="com.class03.GroupDemo"/>
  <system-out/>
</testsuite> <!-- com.class03.GroupDemo -->
