<?xml version="1.0" encoding="UTF-8"?>
<!-- Generated by org.testng.reporters.JUnitReportReporter -->
<testsuite skipped="0" hostname="Oksanas-MBP.fios-router.home" name="com.class03.TestCase" tests="1" failures="0" timestamp="2020-05-26T13:43:28 EDT" time="4.620" errors="0">
  <testcase name="login" time="4.620" classname="com.class03.TestCase"/>
  <system-out/>
</testsuite> <!-- com.class03.TestCase -->
