<?xml version="1.0" encoding="UTF-8"?>
<!-- Generated by org.testng.reporters.JUnitReportReporter -->
<testsuite skipped="0" hostname="Oksanas-MBP.fios-router.home" name="com.class03.HW" tests="1" failures="0" timestamp="2020-05-28T16:11:19 EDT" time="15.163" errors="0">
  <testcase name="test" time="15.163" classname="com.class03.HW"/>
  <system-out/>
</testsuite> <!-- com.class03.HW -->
